This is pdfTeX, Version 3.1415926-2.5-1.40.14 (MiKTeX 2.9 64-bit) (preloaded format=pdflatex 2014.10.20)  29 JUN 2017 15:50
entering extended mode
**GuideBiclustGUI.tex

("C:\Users\lucp8394\Documents\StatFiles\CenStat\R Development\BiclustGUI\pkg\vi
gnettes\GuideBiclustGUI.tex"
LaTeX2e <2014/05/01>
Babel <3.9l> and hyphenation patterns for 68 languages loaded.
("C:\Program Files\MiKTeX 2.9\tex\latex\base\article.cls"
Document Class: article 2007/10/19 v1.4h Standard LaTeX document class
("C:\Program Files\MiKTeX 2.9\tex\latex\base\size10.clo"
File: size10.clo 2007/10/19 v1.4h Standard LaTeX file (size option)
)
\c@part=\count79
\c@section=\count80
\c@subsection=\count81
\c@subsubsection=\count82
\c@paragraph=\count83
\c@subparagraph=\count84
\c@figure=\count85
\c@table=\count86
\abovecaptionskip=\skip41
\belowcaptionskip=\skip42
\bibindent=\dimen102
)
("C:\Program Files\MiKTeX 2.9\tex\latex\graphics\graphicx.sty"
Package: graphicx 2014/04/25 v1.0g Enhanced LaTeX Graphics (DPC,SPQR)

("C:\Program Files\MiKTeX 2.9\tex\latex\graphics\keyval.sty"
Package: keyval 2014/05/08 v1.15 key=value parser (DPC)
\KV@toks@=\toks14
)
("C:\Program Files\MiKTeX 2.9\tex\latex\graphics\graphics.sty"
Package: graphics 2009/02/05 v1.0o Standard LaTeX Graphics (DPC,SPQR)

("C:\Program Files\MiKTeX 2.9\tex\latex\graphics\trig.sty"
Package: trig 1999/03/16 v1.09 sin cos tan (DPC)
)
("C:\Program Files\MiKTeX 2.9\tex\latex\00miktex\graphics.cfg"
File: graphics.cfg 2007/01/18 v1.5 graphics configuration of teTeX/TeXLive
)
Package graphics Info: Driver file: pdftex.def on input line 91.

("C:\Program Files\MiKTeX 2.9\tex\latex\pdftex-def\pdftex.def"
File: pdftex.def 2011/05/27 v0.06d Graphics/color for pdfTeX

("C:\Program Files\MiKTeX 2.9\tex\generic\oberdiek\infwarerr.sty"
Package: infwarerr 2010/04/08 v1.3 Providing info/warning/error messages (HO)
)
("C:\Program Files\MiKTeX 2.9\tex\generic\oberdiek\ltxcmds.sty"
Package: ltxcmds 2011/11/09 v1.22 LaTeX kernel commands for general use (HO)
)
\Gread@gobject=\count87
))
\Gin@req@height=\dimen103
\Gin@req@width=\dimen104
)
("C:\Program Files\MiKTeX 2.9\tex\latex\graphics\color.sty"
Package: color 2014/04/23 v1.1a Standard LaTeX Color (DPC)

("C:\Program Files\MiKTeX 2.9\tex\latex\00miktex\color.cfg"
File: color.cfg 2007/01/18 v1.5 color configuration of teTeX/TeXLive
)
Package color Info: Driver file: pdftex.def on input line 137.
)
("C:\Program Files\MiKTeX 2.9\tex\latex\framed\framed.sty"
Package: framed 2011/10/22 v 0.96: framed or shaded text with page breaks
\OuterFrameSep=\skip43
\fb@frw=\dimen105
\fb@frh=\dimen106
\FrameRule=\dimen107
\FrameSep=\dimen108
)
("C:\Program Files\MiKTeX 2.9\tex\latex\base\alltt.sty"
Package: alltt 1997/06/16 v2.0g defines alltt environment
)
("C:\Program Files\MiKTeX 2.9\tex\latex\geometry\geometry.sty"
Package: geometry 2010/09/12 v5.6 Page Geometry

("C:\Program Files\MiKTeX 2.9\tex\generic\oberdiek\ifpdf.sty"
Package: ifpdf 2011/01/30 v2.3 Provides the ifpdf switch (HO)
Package ifpdf Info: pdfTeX in PDF mode is detected.
)
("C:\Program Files\MiKTeX 2.9\tex\generic\oberdiek\ifvtex.sty"
Package: ifvtex 2010/03/01 v1.5 Detect VTeX and its facilities (HO)
Package ifvtex Info: VTeX not detected.
)
("C:\Program Files\MiKTeX 2.9\tex\generic\ifxetex\ifxetex.sty"
Package: ifxetex 2010/09/12 v0.6 Provides ifxetex conditional
)
\Gm@cnth=\count88
\Gm@cntv=\count89
\c@Gm@tempcnt=\count90
\Gm@bindingoffset=\dimen109
\Gm@wd@mp=\dimen110
\Gm@odd@mp=\dimen111
\Gm@even@mp=\dimen112
\Gm@layoutwidth=\dimen113
\Gm@layoutheight=\dimen114
\Gm@layouthoffset=\dimen115
\Gm@layoutvoffset=\dimen116
\Gm@dimlist=\toks15

("C:\Program Files\MiKTeX 2.9\tex\latex\geometry\geometry.cfg"))
("C:\Program Files\MiKTeX 2.9\tex\latex\amsmath\amsmath.sty"
Package: amsmath 2013/01/14 v2.14 AMS math features
\@mathmargin=\skip44

For additional information on amsmath, use the `?' option.
("C:\Program Files\MiKTeX 2.9\tex\latex\amsmath\amstext.sty"
Package: amstext 2000/06/29 v2.01

("C:\Program Files\MiKTeX 2.9\tex\latex\amsmath\amsgen.sty"
File: amsgen.sty 1999/11/30 v2.0
\@emptytoks=\toks16
\ex@=\dimen117
))
("C:\Program Files\MiKTeX 2.9\tex\latex\amsmath\amsbsy.sty"
Package: amsbsy 1999/11/29 v1.2d
\pmbraise@=\dimen118
)
("C:\Program Files\MiKTeX 2.9\tex\latex\amsmath\amsopn.sty"
Package: amsopn 1999/12/14 v2.01 operator names
)
\inf@bad=\count91
LaTeX Info: Redefining \frac on input line 210.
\uproot@=\count92
\leftroot@=\count93
LaTeX Info: Redefining \overline on input line 306.
\classnum@=\count94
\DOTSCASE@=\count95
LaTeX Info: Redefining \ldots on input line 378.
LaTeX Info: Redefining \dots on input line 381.
LaTeX Info: Redefining \cdots on input line 466.
\Mathstrutbox@=\box26
\strutbox@=\box27
\big@size=\dimen119
LaTeX Font Info:    Redeclaring font encoding OML on input line 566.
LaTeX Font Info:    Redeclaring font encoding OMS on input line 567.
\macc@depth=\count96
\c@MaxMatrixCols=\count97
\dotsspace@=\muskip10
\c@parentequation=\count98
\dspbrk@lvl=\count99
\tag@help=\toks17
\row@=\count100
\column@=\count101
\maxfields@=\count102
\andhelp@=\toks18
\eqnshift@=\dimen120
\alignsep@=\dimen121
\tagshift@=\dimen122
\tagwidth@=\dimen123
\totwidth@=\dimen124
\lineht@=\dimen125
\@envbody=\toks19
\multlinegap=\skip45
\multlinetaggap=\skip46
\mathdisplay@stack=\toks20
LaTeX Info: Redefining \[ on input line 2665.
LaTeX Info: Redefining \] on input line 2666.
)
("C:\Program Files\MiKTeX 2.9\tex\latex\amsfonts\amssymb.sty"
Package: amssymb 2013/01/14 v3.01 AMS font symbols

("C:\Program Files\MiKTeX 2.9\tex\latex\amsfonts\amsfonts.sty"
Package: amsfonts 2013/01/14 v3.01 Basic AMSFonts support
\symAMSa=\mathgroup4
\symAMSb=\mathgroup5
LaTeX Font Info:    Overwriting math alphabet `\mathfrak' in version `bold'
(Font)                  U/euf/m/n --> U/euf/b/n on input line 106.
))
("C:\Program Files\MiKTeX 2.9\tex\latex\setspace\setspace.sty"
Package: setspace 2011/12/19 v6.7a set line spacing
)
("C:\Program Files\MiKTeX 2.9\tex\latex\multirow\multirow.sty"
\bigstrutjot=\dimen126
)
("C:\Program Files\MiKTeX 2.9\tex\latex\float\float.sty"
Package: float 2001/11/08 v1.3d Float enhancements (AL)
\c@float@type=\count103
\float@exts=\toks21
\float@box=\box28
\@float@everytoks=\toks22
\@floatcapt=\box29
)
("C:\Program Files\MiKTeX 2.9\tex\latex\babel\babel.sty"
Package: babel 2014/09/25 3.9l The Babel package

*************************************
* Local config file bblopts.cfg used
*
("C:\Program Files\MiKTeX 2.9\tex\latex\00miktex\bblopts.cfg"
File: bblopts.cfg 2006/07/31 v1.0 MiKTeX 'babel' configuration
)
("C:\Program Files\MiKTeX 2.9\tex\latex\babel-english\english.ldf"
Language: english 2012/08/20 v3.3p English support from the babel system

("C:\Program Files\MiKTeX 2.9\tex\latex\babel\babel.def"
File: babel.def 2014/09/25 3.9l Babel common definitions
\babel@savecnt=\count104
\U@D=\dimen127
)
\l@canadian = a dialect from \language\l@american 
\l@australian = a dialect from \language\l@british 
\l@newzealand = a dialect from \language\l@british 
))
("C:\Program Files\MiKTeX 2.9\tex\latex\natbib\natbib.sty"
Package: natbib 2010/09/13 8.31b (PWD, AO)
\bibhang=\skip47
\bibsep=\skip48
LaTeX Info: Redefining \cite on input line 694.
\c@NAT@ctr=\count105
)
("C:\Program Files\MiKTeX 2.9\tex\latex\hyperref\hyperref.sty"
Package: hyperref 2012/11/06 v6.83m Hypertext links for LaTeX

("C:\Program Files\MiKTeX 2.9\tex\generic\oberdiek\hobsub-hyperref.sty"
Package: hobsub-hyperref 2012/04/25 v1.12 Bundle oberdiek, subset hyperref (HO)


("C:\Program Files\MiKTeX 2.9\tex\generic\oberdiek\hobsub-generic.sty"
Package: hobsub-generic 2012/04/25 v1.12 Bundle oberdiek, subset generic (HO)
Package: hobsub 2012/04/25 v1.12 Construct package bundles (HO)
Package hobsub Info: Skipping package `infwarerr' (already loaded).
Package hobsub Info: Skipping package `ltxcmds' (already loaded).
Package: ifluatex 2010/03/01 v1.3 Provides the ifluatex switch (HO)
Package ifluatex Info: LuaTeX not detected.
Package hobsub Info: Skipping package `ifvtex' (already loaded).
Package: intcalc 2007/09/27 v1.1 Expandable calculations with integers (HO)
Package hobsub Info: Skipping package `ifpdf' (already loaded).
Package: etexcmds 2011/02/16 v1.5 Avoid name clashes with e-TeX commands (HO)
Package etexcmds Info: Could not find \expanded.
(etexcmds)             That can mean that you are not using pdfTeX 1.50 or
(etexcmds)             that some package has redefined \expanded.
(etexcmds)             In the latter case, load this package earlier.
Package: kvsetkeys 2012/04/25 v1.16 Key value parser (HO)
Package: kvdefinekeys 2011/04/07 v1.3 Define keys (HO)
Package: pdftexcmds 2011/11/29 v0.20 Utility functions of pdfTeX for LuaTeX (HO
)
Package pdftexcmds Info: LuaTeX not detected.
Package pdftexcmds Info: \pdf@primitive is available.
Package pdftexcmds Info: \pdf@ifprimitive is available.
Package pdftexcmds Info: \pdfdraftmode found.
Package: pdfescape 2011/11/25 v1.13 Implements pdfTeX's escape features (HO)
Package: bigintcalc 2012/04/08 v1.3 Expandable calculations on big integers (HO
)
Package: bitset 2011/01/30 v1.1 Handle bit-vector datatype (HO)
Package: uniquecounter 2011/01/30 v1.2 Provide unlimited unique counter (HO)
)
Package hobsub Info: Skipping package `hobsub' (already loaded).
Package: letltxmacro 2010/09/02 v1.4 Let assignment for LaTeX macros (HO)
Package: hopatch 2011/06/24 v1.1 Wrapper for package hooks (HO)
Package: xcolor-patch 2011/01/30 xcolor patch
Package: atveryend 2011/06/30 v1.8 Hooks at the very end of document (HO)
Package atveryend Info: \enddocument detected (standard20110627).
Package: atbegshi 2011/10/05 v1.16 At begin shipout hook (HO)
Package: refcount 2011/10/16 v3.4 Data extraction from label references (HO)
Package: hycolor 2011/01/30 v1.7 Color options for hyperref/bookmark (HO)
)
("C:\Program Files\MiKTeX 2.9\tex\latex\oberdiek\auxhook.sty"
Package: auxhook 2011/03/04 v1.3 Hooks for auxiliary files (HO)
)
("C:\Program Files\MiKTeX 2.9\tex\latex\oberdiek\kvoptions.sty"
Package: kvoptions 2011/06/30 v3.11 Key value format for package options (HO)
)
\@linkdim=\dimen128
\Hy@linkcounter=\count106
\Hy@pagecounter=\count107

("C:\Program Files\MiKTeX 2.9\tex\latex\hyperref\pd1enc.def"
File: pd1enc.def 2012/11/06 v6.83m Hyperref: PDFDocEncoding definition (HO)
)
\Hy@SavedSpaceFactor=\count108

("C:\Program Files\MiKTeX 2.9\tex\latex\00miktex\hyperref.cfg"
File: hyperref.cfg 2002/06/06 v1.2 hyperref configuration of TeXLive
)
Package hyperref Info: Hyper figures OFF on input line 4443.
Package hyperref Info: Link nesting OFF on input line 4448.
Package hyperref Info: Hyper index ON on input line 4451.
Package hyperref Info: Plain pages OFF on input line 4458.
Package hyperref Info: Backreferencing OFF on input line 4463.
Package hyperref Info: Implicit mode ON; LaTeX internals redefined.
Package hyperref Info: Bookmarks ON on input line 4688.
\c@Hy@tempcnt=\count109

("C:\Program Files\MiKTeX 2.9\tex\latex\url\url.sty"
\Urlmuskip=\muskip11
Package: url 2013/09/16  ver 3.4  Verb mode for urls, etc.
)
LaTeX Info: Redefining \url on input line 5041.
\XeTeXLinkMargin=\dimen129
\Fld@menulength=\count110
\Field@Width=\dimen130
\Fld@charsize=\dimen131
Package hyperref Info: Hyper figures OFF on input line 6295.
Package hyperref Info: Link nesting OFF on input line 6300.
Package hyperref Info: Hyper index ON on input line 6303.
Package hyperref Info: backreferencing OFF on input line 6310.
Package hyperref Info: Link coloring OFF on input line 6315.
Package hyperref Info: Link coloring with OCG OFF on input line 6320.
Package hyperref Info: PDF/A mode OFF on input line 6325.
LaTeX Info: Redefining \ref on input line 6365.
LaTeX Info: Redefining \pageref on input line 6369.
\Hy@abspage=\count111
\c@Item=\count112
\c@Hfootnote=\count113
)

Package hyperref Message: Driver (autodetected): hpdftex.

("C:\Program Files\MiKTeX 2.9\tex\latex\hyperref\hpdftex.def"
File: hpdftex.def 2012/11/06 v6.83m Hyperref driver for pdfTeX
\Fld@listcount=\count114
\c@bookmark@seq@number=\count115

("C:\Program Files\MiKTeX 2.9\tex\latex\oberdiek\rerunfilecheck.sty"
Package: rerunfilecheck 2011/04/15 v1.7 Rerun checks for auxiliary files (HO)
Package uniquecounter Info: New unique counter `rerunfilecheck' on input line 2
82.
)
\Hy@SectionHShift=\skip49
)
Package hyperref Info: Option `colorlinks' set `true' on input line 73.

("C:\Program Files\MiKTeX 2.9\tex\latex\graphics\lscape.sty"
Package: lscape 2000/10/22 v3.01 Landscape Pages (DPC)
)
("C:\Program Files\MiKTeX 2.9\tex\latex\caption\subcaption.sty"
Package: subcaption 2013/02/03 v1.1-62 Sub-captions (AR)

("C:\Program Files\MiKTeX 2.9\tex\latex\caption\caption.sty"
Package: caption 2013/05/02 v3.3-89 Customizing captions (AR)

("C:\Program Files\MiKTeX 2.9\tex\latex\caption\caption3.sty"
Package: caption3 2013/05/02 v1.6-88 caption3 kernel (AR)
Package caption3 Info: TeX engine: e-TeX on input line 57.
\captionmargin=\dimen132
\captionmargin@=\dimen133
\captionwidth=\dimen134
\caption@tempdima=\dimen135
\caption@indent=\dimen136
\caption@parindent=\dimen137
\caption@hangindent=\dimen138
)
\c@ContinuedFloat=\count116
Package caption Info: float package is loaded.
Package caption Info: hyperref package is loaded.
)
\c@subfigure=\count117
\c@subtable=\count118
)
("C:\Program Files\MiKTeX 2.9\tex\latex\upquote\upquote.sty"
Package: upquote 2012/04/19 v1.3 upright-quote and grave-accent glyphs in verba
tim
)
("C:\Users\lucp8394\Documents\StatFiles\CenStat\R Development\BiclustGUI\pkg\vi
gnettes\GuideBiclustGUI.aux")
LaTeX Font Info:    Checking defaults for OML/cmm/m/it on input line 84.
LaTeX Font Info:    ... okay on input line 84.
LaTeX Font Info:    Checking defaults for T1/cmr/m/n on input line 84.
LaTeX Font Info:    ... okay on input line 84.
LaTeX Font Info:    Checking defaults for OT1/cmr/m/n on input line 84.
LaTeX Font Info:    ... okay on input line 84.
LaTeX Font Info:    Checking defaults for OMS/cmsy/m/n on input line 84.
LaTeX Font Info:    ... okay on input line 84.
LaTeX Font Info:    Checking defaults for OMX/cmex/m/n on input line 84.
LaTeX Font Info:    ... okay on input line 84.
LaTeX Font Info:    Checking defaults for U/cmr/m/n on input line 84.
LaTeX Font Info:    ... okay on input line 84.
LaTeX Font Info:    Checking defaults for PD1/pdf/m/n on input line 84.
LaTeX Font Info:    ... okay on input line 84.

("C:\Program Files\MiKTeX 2.9\tex\context\base\supp-pdf.mkii"
[Loading MPS to PDF converter (version 2006.09.02).]
\scratchcounter=\count119
\scratchdimen=\dimen139
\scratchbox=\box30
\nofMPsegments=\count120
\nofMParguments=\count121
\everyMPshowfont=\toks23
\MPscratchCnt=\count122
\MPscratchDim=\dimen140
\MPnumerator=\count123
\makeMPintoPDFobject=\count124
\everyMPtoPDFconversion=\toks24
)
*geometry* driver: auto-detecting
*geometry* detected driver: pdftex
*geometry* verbose mode - [ preamble ] result:
* driver: pdftex
* paper: a4paper
* layout: <same size as paper>
* layoutoffset:(h,v)=(0.0pt,0.0pt)
* modes: 
* h-part:(L,W,R)=(56.9055pt, 483.69687pt, 56.9055pt)
* v-part:(T,H,B)=(56.9055pt, 731.23584pt, 56.9055pt)
* \paperwidth=597.50787pt
* \paperheight=845.04684pt
* \textwidth=483.69687pt
* \textheight=731.23584pt
* \oddsidemargin=-15.36449pt
* \evensidemargin=-15.36449pt
* \topmargin=-52.36449pt
* \headheight=12.0pt
* \headsep=25.0pt
* \topskip=10.0pt
* \footskip=30.0pt
* \marginparwidth=57.0pt
* \marginparsep=11.0pt
* \columnsep=10.0pt
* \skip\footins=9.0pt plus 4.0pt minus 2.0pt
* \hoffset=0.0pt
* \voffset=0.0pt
* \mag=1000
* \@twocolumnfalse
* \@twosidefalse
* \@mparswitchfalse
* \@reversemarginfalse
* (1in=72.27pt=25.4mm, 1cm=28.453pt)

\AtBeginShipoutBox=\box31
Package hyperref Info: Link coloring ON on input line 84.
("C:\Program Files\MiKTeX 2.9\tex\latex\hyperref\nameref.sty"
Package: nameref 2012/10/27 v2.43 Cross-referencing by name of section

("C:\Program Files\MiKTeX 2.9\tex\generic\oberdiek\gettitlestring.sty"
Package: gettitlestring 2010/12/03 v1.4 Cleanup title references (HO)
)
\c@section@level=\count125
)
LaTeX Info: Redefining \ref on input line 84.
LaTeX Info: Redefining \pageref on input line 84.
LaTeX Info: Redefining \nameref on input line 84.

("C:\Users\lucp8394\Documents\StatFiles\CenStat\R Development\BiclustGUI\pkg\vi
gnettes\GuideBiclustGUI.out")
("C:\Users\lucp8394\Documents\StatFiles\CenStat\R Development\BiclustGUI\pkg\vi
gnettes\GuideBiclustGUI.out")
\@outlinefile=\write3
Package caption Info: Begin \AtBeginDocument code.
Package caption Info: End \AtBeginDocument code.
LaTeX Font Info:    Try loading font information for U+msa on input line 120.

("C:\Program Files\MiKTeX 2.9\tex\latex\amsfonts\umsa.fd"
File: umsa.fd 2013/01/14 v3.01 AMS symbols A
)
LaTeX Font Info:    Try loading font information for U+msb on input line 120.

("C:\Program Files\MiKTeX 2.9\tex\latex\amsfonts\umsb.fd"
File: umsb.fd 2013/01/14 v3.01 AMS symbols B
)
("C:\Users\lucp8394\Documents\StatFiles\CenStat\R Development\BiclustGUI\pkg\vi
gnettes\GuideBiclustGUI.toc" [1

{C:/ProgramData/MiKTeX/2.9/pdftex/config/pdftex.map}]
LaTeX Font Info:    Font shape `OT1/cmtt/bx/n' in size <10> not available
(Font)              Font shape `OT1/cmtt/m/n' tried instead on input line 59.
)
\tf@toc=\write4

Underfull \hbox (badness 10000) in paragraph at lines 129--188

 []


Underfull \hbox (badness 10000) in paragraph at lines 129--188

 []


Underfull \hbox (badness 10000) in paragraph at lines 129--188

 []

[2] <figures/rcmdrwindow.png, id=427, 702.625pt x 844.15375pt>
File: figures/rcmdrwindow.png Graphic file (type png)

<use figures/rcmdrwindow.png>
Package pdftex.def Info: figures/rcmdrwindow.png used on input line 232.
(pdftex.def)             Requested size: 281.04501pt x 337.65552pt.

Underfull \hbox (badness 10000) in paragraph at lines 191--234

 []


Underfull \hbox (badness 10000) in paragraph at lines 191--234

 []


Underfull \hbox (badness 10000) in paragraph at lines 191--234

 []


Underfull \hbox (badness 10000) in paragraph at lines 191--234

 []

[3]
Underfull \hbox (badness 10000) in paragraph at lines 265--283

 []

[4 <C:/Users/lucp8394/Documents/StatFiles/CenStat/R Development/BiclustGUI/pkg/
vignettes/figures/rcmdrwindow.png>]
Underfull \hbox (badness 10000) in paragraph at lines 289--305

 []

[5]
Underfull \hbox (badness 10000) in paragraph at lines 323--370

 []


Underfull \hbox (badness 10000) in paragraph at lines 323--370

 []


Underfull \hbox (badness 10000) in paragraph at lines 323--370

 []

[6] <figures/standard_buttons.png, id=485, 703.62875pt x 172.645pt>
File: figures/standard_buttons.png Graphic file (type png)

<use figures/standard_buttons.png>
Package pdftex.def Info: figures/standard_buttons.png used on input line 402.
(pdftex.def)             Requested size: 351.8135pt x 86.32228pt.

<figures/biclustering_menu.png, id=487, 699.61375pt x 285.065pt>
File: figures/biclustering_menu.png Graphic file (type png)

<use figures/biclustering_menu.png>
Package pdftex.def Info: figures/biclustering_menu.png used on input line 420.
(pdftex.def)             Requested size: 349.80602pt x 142.53215pt.

Underfull \hbox (badness 10000) in paragraph at lines 405--422

 []

<figures/biclustGUI_diagram.pdf, id=489, 422.57875pt x 452.69125pt>
File: figures/biclustGUI_diagram.pdf Graphic file (type pdf)

<use figures/biclustGUI_diagram.pdf>
Package pdftex.def Info: figures/biclustGUI_diagram.pdf used on input line 470.

(pdftex.def)             Requested size: 380.31735pt x 407.41835pt.
 [7 <C:/Users/lucp8394/Documents/StatFiles/CenStat/R Development/BiclustGUI/pkg
/vignettes/figures/standard_buttons.png> <C:/Users/lucp8394/Documents/StatFiles
/CenStat/R Development/BiclustGUI/pkg/vignettes/figures/biclustering_menu.png>]
 [8]
Underfull \hbox (badness 10000) in paragraph at lines 475--481

 []

[9 <C:/Users/lucp8394/Documents/StatFiles/CenStat/R Development/BiclustGUI/pkg/
vignettes/figures/biclustGUI_diagram.pdf>]
LaTeX Font Info:    Try loading font information for OMS+cmr on input line 539.


("C:\Program Files\MiKTeX 2.9\tex\latex\base\omscmr.fd"
File: omscmr.fd 1999/05/25 v2.5h Standard LaTeX font definitions
)
LaTeX Font Info:    Font shape `OMS/cmr/m/n' in size <10> not available
(Font)              Font shape `OMS/cmsy/m/n' tried instead on input line 539.

<figures/rcmdr_datainput.png, id=516, 699.61375pt x 250.9375pt>
File: figures/rcmdr_datainput.png Graphic file (type png)

<use figures/rcmdr_datainput.png>
Package pdftex.def Info: figures/rcmdr_datainput.png used on input line 551.
(pdftex.def)             Requested size: 349.80602pt x 125.46843pt.

<figures/rcmdr_activedataset.png, id=517, 461.725pt x 278.03876pt>
File: figures/rcmdr_activedataset.png Graphic file (type png)

<use figures/rcmdr_activedataset.png>
Package pdftex.def Info: figures/rcmdr_activedataset.png used on input line 556
.
(pdftex.def)             Requested size: 230.86194pt x 139.01903pt.
 [10 <C:/Users/lucp8394/Documents/StatFiles/CenStat/R Development/BiclustGUI/pk
g/vignettes/figures/rcmdr_datainput.png>]
<figures/searchwindow.png, id=526, 393.47pt x 241.90375pt>
File: figures/searchwindow.png Graphic file (type png)

<use figures/searchwindow.png>
Package pdftex.def Info: figures/searchwindow.png used on input line 576.
(pdftex.def)             Requested size: 236.0838pt x 145.14336pt.

<figures/biclustering_helpmenu.png, id=528, 760.8425pt x 310.15875pt>
File: figures/biclustering_helpmenu.png Graphic file (type png)

<use figures/biclustering_helpmenu.png>
Package pdftex.def Info: figures/biclustering_helpmenu.png used on input line 5
94.
(pdftex.def)             Requested size: 380.42032pt x 155.079pt.
 [11 <C:/Users/lucp8394/Documents/StatFiles/CenStat/R Development/BiclustGUI/pk
g/vignettes/figures/rcmdr_activedataset.png> <C:/Users/lucp8394/Documents/StatF
iles/CenStat/R Development/BiclustGUI/pkg/vignettes/figures/searchwindow.png>]
<figures/plotgridwindow.png, id=539, 237.88875pt x 144.54pt>
File: figures/plotgridwindow.png Graphic file (type png)

<use figures/plotgridwindow.png>
Package pdftex.def Info: figures/plotgridwindow.png used on input line 606.
(pdftex.def)             Requested size: 118.94408pt x 72.2698pt.

<figures/drawheatmapswindow.png, id=541, 1078.0275pt x 594.22pt>
File: figures/drawheatmapswindow.png Graphic file (type png)

<use figures/drawheatmapswindow.png>
Package pdftex.def Info: figures/drawheatmapswindow.png used on input line 627.

(pdftex.def)             Requested size: 431.20335pt x 237.68379pt.
 [12 <C:/Users/lucp8394/Documents/StatFiles/CenStat/R Development/BiclustGUI/pk
g/vignettes/figures/biclustering_helpmenu.png> <C:/Users/lucp8394/Documents/Sta
tFiles/CenStat/R Development/BiclustGUI/pkg/vignettes/figures/plotgridwindow.pn
g>]
Underfull \hbox (badness 10000) in paragraph at lines 631--671

 []


Underfull \hbox (badness 10000) in paragraph at lines 631--671

 []

<figures/jaccardindexwindow.png, id=553, 425.59pt x 200.75pt>
File: figures/jaccardindexwindow.png Graphic file (type png)

<use figures/jaccardindexwindow.png>
Package pdftex.def Info: figures/jaccardindexwindow.png used on input line 679.

(pdftex.def)             Requested size: 170.23297pt x 80.29857pt.
 [13 <C:/Users/lucp8394/Documents/StatFiles/CenStat/R Development/BiclustGUI/pk
g/vignettes/figures/drawheatmapswindow.png>] <figures/jaccardheatmap.png, id=56
4, 370.38374pt x 280.04625pt>
File: figures/jaccardheatmap.png Graphic file (type png)

<use figures/jaccardheatmap.png>
Package pdftex.def Info: figures/jaccardheatmap.png used on input line 688.
(pdftex.def)             Requested size: 148.15086pt x 112.0165pt.

<figures/exportwindows.png, id=567, 903.375pt x 698.61pt>
File: figures/exportwindows.png Graphic file (type png)

<use figures/exportwindows.png>
Package pdftex.def Info: figures/exportwindows.png used on input line 709.
(pdftex.def)             Requested size: 451.6864pt x 349.30414pt.
 [14 <C:/Users/lucp8394/Documents/StatFiles/CenStat/R Development/BiclustGUI/pk
g/vignettes/figures/jaccardindexwindow.png> <C:/Users/lucp8394/Documents/StatFi
les/CenStat/R Development/BiclustGUI/pkg/vignettes/figures/jaccardheatmap.png>]

Underfull \hbox (badness 10000) in paragraph at lines 714--733

 []

<figures/extractwindow.png, id=577, 403.5075pt x 422.57875pt>
File: figures/extractwindow.png Graphic file (type png)

<use figures/extractwindow.png>
Package pdftex.def Info: figures/extractwindow.png used on input line 737.
(pdftex.def)             Requested size: 201.75325pt x 211.28885pt.
 [15 <C:/Users/lucp8394/Documents/StatFiles/CenStat/R Development/BiclustGUI/pk
g/vignettes/figures/exportwindows.png>]
<figures/findwindow.png, id=585, 348.30125pt x 424.58624pt>
File: figures/findwindow.png Graphic file (type png)

<use figures/findwindow.png>
Package pdftex.def Info: figures/findwindow.png used on input line 748.
(pdftex.def)             Requested size: 174.15019pt x 212.2926pt.

<figures/findwindow_example1.png, id=587, 1104.125pt x 233.87375pt>
File: figures/findwindow_example1.png Graphic file (type png)

<use figures/findwindow_example1.png>
Package pdftex.def Info: figures/findwindow_example1.png used on input line 773
.
(pdftex.def)             Requested size: 441.64218pt x 93.54782pt.
 [16 <C:/Users/lucp8394/Documents/StatFiles/CenStat/R Development/BiclustGUI/pk
g/vignettes/figures/extractwindow.png> <C:/Users/lucp8394/Documents/StatFiles/C
enStat/R Development/BiclustGUI/pkg/vignettes/figures/findwindow.png>]
<figures/MaxBC.png, id=597, 246.9225pt x 332.24126pt>
File: figures/MaxBC.png Graphic file (type png)
 <use figures/MaxBC.png>
Package pdftex.def Info: figures/MaxBC.png used on input line 784.
(pdftex.def)             Requested size: 98.76724pt x 132.89413pt.

Overfull \hbox (9.52013pt too wide) in paragraph at lines 788--789
\OT1/cmr/m/n/10 The \OT1/cmr/m/it/10 Top Num-ber \OT1/cmr/m/n/10 pa-ram-e-ter i
n this win-dow de-ter-mines how many top bi-clus-ters in each cat-e-gory (row/c
olumn/size)
 []

<figures/MaxBC_example.png, id=598, 670.505pt x 370.38374pt>
File: figures/MaxBC_example.png Graphic file (type png)

<use figures/MaxBC_example.png>
Package pdftex.def Info: figures/MaxBC_example.png used on input line 792.
(pdftex.def)             Requested size: 268.19725pt x 148.15086pt.

<figures/saveloadwindow.png, id=600, 659.46375pt x 339.2675pt>
File: figures/saveloadwindow.png Graphic file (type png)

<use figures/saveloadwindow.png>
Package pdftex.def Info: figures/saveloadwindow.png used on input line 804.
(pdftex.def)             Requested size: 263.78082pt x 135.70459pt.
 [17 <C:/Users/lucp8394/Documents/StatFiles/CenStat/R Development/BiclustGUI/pk
g/vignettes/figures/findwindow_example1.png> <C:/Users/lucp8394/Documents/StatF
iles/CenStat/R Development/BiclustGUI/pkg/vignettes/figures/MaxBC.png> <C:/User
s/lucp8394/Documents/StatFiles/CenStat/R Development/BiclustGUI/pkg/vignettes/f
igures/MaxBC_example.png>]
Underfull \hbox (badness 10000) in paragraph at lines 807--821

 []

LaTeX Font Info:    Font shape `OT1/cmtt/bx/n' in size <12> not available
(Font)              Font shape `OT1/cmtt/m/n' tried instead on input line 822.

Underfull \hbox (badness 10000) in paragraph at lines 825--834

 []

<figures/plaid_clusttab.png, id=620, 523.9575pt x 424.58624pt>
File: figures/plaid_clusttab.png Graphic file (type png)

<use figures/plaid_clusttab.png>
Package pdftex.def Info: figures/plaid_clusttab.png used on input line 884.
(pdftex.def)             Requested size: 261.9781pt x 212.2926pt.

Underfull \hbox (badness 10000) in paragraph at lines 862--886

 []

[18 <C:/Users/lucp8394/Documents/StatFiles/CenStat/R Development/BiclustGUI/pkg
/vignettes/figures/saveloadwindow.png>]
Underfull \hbox (badness 10000) in paragraph at lines 887--907

 []


Package hyperref Warning: Token not allowed in a PDF string (PDFDocEncoding):
(hyperref)                removing `math shift' on input line 909.


Package hyperref Warning: Token not allowed in a PDF string (PDFDocEncoding):
(hyperref)                removing `\delta' on input line 909.


Package hyperref Warning: Token not allowed in a PDF string (PDFDocEncoding):
(hyperref)                removing `math shift' on input line 909.

<figures/cc_clusttab.png, id=637, 513.92pt x 236.885pt>
File: figures/cc_clusttab.png Graphic file (type png)

<use figures/cc_clusttab.png>
Package pdftex.def Info: figures/cc_clusttab.png used on input line 939.
(pdftex.def)             Requested size: 256.95937pt x 118.4422pt.
 [19 <C:/Users/lucp8394/Documents/StatFiles/CenStat/R Development/BiclustGUI/pk
g/vignettes/figures/plaid_clusttab.png>]
<figures/xmotif_clusttab.png, id=652, 514.92375pt x 339.2675pt>
File: figures/xmotif_clusttab.png Graphic file (type png)

<use figures/xmotif_clusttab.png>
Package pdftex.def Info: figures/xmotif_clusttab.png used on input line 976.
(pdftex.def)             Requested size: 257.46124pt x 169.63333pt.
 [20 <C:/Users/lucp8394/Documents/StatFiles/CenStat/R Development/BiclustGUI/pk
g/vignettes/figures/cc_clusttab.png> <C:/Users/lucp8394/Documents/StatFiles/Cen
Stat/R Development/BiclustGUI/pkg/vignettes/figures/xmotif_clusttab.png>]
<figures/spectral_clusttab.png, id=674, 517.935pt x 382.42876pt>
File: figures/spectral_clusttab.png Graphic file (type png)

<use figures/spectral_clusttab.png>
Package pdftex.def Info: figures/spectral_clusttab.png used on input line 1031.

(pdftex.def)             Requested size: 258.96686pt x 191.2139pt.

Underfull \hbox (badness 10000) in paragraph at lines 1034--1055

 []

[21 <C:/Users/lucp8394/Documents/StatFiles/CenStat/R Development/BiclustGUI/pkg
/vignettes/figures/spectral_clusttab.png>]
<figures/questmotif_clusttab.png, id=695, 515.9275pt x 471.7625pt>
File: figures/questmotif_clusttab.png Graphic file (type png)

<use figures/questmotif_clusttab.png>
Package pdftex.def Info: figures/questmotif_clusttab.png used on input line 106
4.
(pdftex.def)             Requested size: 257.96312pt x 235.88066pt.

Underfull \hbox (badness 10000) in paragraph at lines 1057--1066

 []


Underfull \hbox (badness 10000) in paragraph at lines 1067--1090

 []


Underfull \hbox (badness 10000) in paragraph at lines 1067--1090

 []

<figures/bimax_clusttab.png, id=702, 515.9275pt x 481.8pt>
File: figures/bimax_clusttab.png Graphic file (type png)

<use figures/bimax_clusttab.png>
Package pdftex.def Info: figures/bimax_clusttab.png used on input line 1111.
(pdftex.def)             Requested size: 257.96312pt x 240.8994pt.
 [22 <C:/Users/lucp8394/Documents/StatFiles/CenStat/R Development/BiclustGUI/pk
g/vignettes/figures/questmotif_clusttab.png>]
Underfull \hbox (badness 10000) in paragraph at lines 1114--1137

 []


Underfull \hbox (badness 10000) in paragraph at lines 1114--1137

 []

<figures/biclust_plotdiagtab.png, id=716, 973.6375pt x 665.48625pt>
File: figures/biclust_plotdiagtab.png Graphic file (type png)

<use figures/biclust_plotdiagtab.png>
Package pdftex.def Info: figures/biclust_plotdiagtab.png used on input line 115
2.
(pdftex.def)             Requested size: 438.13283pt x 299.46603pt.
 [23 <C:/Users/lucp8394/Documents/StatFiles/CenStat/R Development/BiclustGUI/pk
g/vignettes/figures/bimax_clusttab.png>]
Underfull \hbox (badness 10000) in paragraph at lines 1155--1276

 []


Underfull \hbox (badness 10000) in paragraph at lines 1155--1276

 []


Underfull \hbox (badness 10000) in paragraph at lines 1155--1276

 []


Underfull \hbox (badness 10000) in paragraph at lines 1155--1276

 []


Underfull \hbox (badness 10000) in paragraph at lines 1155--1276

 []


Underfull \hbox (badness 10000) in paragraph at lines 1155--1276

 []

[24 <C:/Users/lucp8394/Documents/StatFiles/CenStat/R Development/BiclustGUI/pkg
/vignettes/figures/biclust_plotdiagtab.png>] [25]
<figures/fabialaplace_clusttab.png, id=759, 619.31375pt x 552.0625pt>
File: figures/fabialaplace_clusttab.png Graphic file (type png)

<use figures/fabialaplace_clusttab.png>
Package pdftex.def Info: figures/fabialaplace_clusttab.png used on input line 1
330.
(pdftex.def)             Requested size: 309.65611pt x 276.03056pt.

Underfull \hbox (badness 10000) in paragraph at lines 1301--1333

 []

[26]
Underfull \hbox (badness 10000) in paragraph at lines 1334--1345

 []

<figures/fabiapostproj_clusttab.png, id=771, 619.31375pt x 547.04375pt>
File: figures/fabiapostproj_clusttab.png Graphic file (type png)

<use figures/fabiapostproj_clusttab.png>
Package pdftex.def Info: figures/fabiapostproj_clusttab.png used on input line 
1357.
(pdftex.def)             Requested size: 309.65611pt x 273.5212pt.
 [27 <C:/Users/lucp8394/Documents/StatFiles/CenStat/R Development/BiclustGUI/pk
g/vignettes/figures/fabialaplace_clusttab.png>]
<figures/fabiasparseproj_clusttab.png, id=782, 619.31375pt x 531.9875pt>
File: figures/fabiasparseproj_clusttab.png Graphic file (type png)

<use figures/fabiasparseproj_clusttab.png>
Package pdftex.def Info: figures/fabiasparseproj_clusttab.png used on input lin
e 1374.
(pdftex.def)             Requested size: 309.65611pt x 265.9931pt.
 [28 <C:/Users/lucp8394/Documents/StatFiles/CenStat/R Development/BiclustGUI/pk
g/vignettes/figures/fabiapostproj_clusttab.png> <C:/Users/lucp8394/Documents/St
atFiles/CenStat/R Development/BiclustGUI/pkg/vignettes/figures/fabiasparseproj_
clusttab.png>]
<figures/fabia_sparse.png, id=803, 619.31375pt x 722.7pt>
File: figures/fabia_sparse.png Graphic file (type png)

<use figures/fabia_sparse.png>
Package pdftex.def Info: figures/fabia_sparse.png used on input line 1396.
(pdftex.def)             Requested size: 309.65611pt x 361.3491pt.

Underfull \hbox (badness 10000) in paragraph at lines 1400--1429

 []

[29 <C:/Users/lucp8394/Documents/StatFiles/CenStat/R Development/BiclustGUI/pkg
/vignettes/figures/fabia_sparse.png>]
<figures/fabia_plotdiagtab.png, id=818, 630.355pt x 778.91pt>
File: figures/fabia_plotdiagtab.png Graphic file (type png)

<use figures/fabia_plotdiagtab.png>
Package pdftex.def Info: figures/fabia_plotdiagtab.png used on input line 1439.

(pdftex.def)             Requested size: 315.17673pt x 389.45406pt.

Underfull \hbox (badness 10000) in paragraph at lines 1442--1511

 []


Underfull \hbox (badness 10000) in paragraph at lines 1442--1511

 []


Underfull \hbox (badness 10000) in paragraph at lines 1442--1511

 []


Underfull \hbox (badness 10000) in paragraph at lines 1442--1511

 []

[30 <C:/Users/lucp8394/Documents/StatFiles/CenStat/R Development/BiclustGUI/pkg
/vignettes/figures/fabia_plotdiagtab.png>]
<figures/isa_clusttab.png, id=837, 510.90875pt x 381.425pt>
File: figures/isa_clusttab.png Graphic file (type png)

<use figures/isa_clusttab.png>
Package pdftex.def Info: figures/isa_clusttab.png used on input line 1532.
(pdftex.def)             Requested size: 255.45375pt x 190.71202pt.
 [31]
<figures/isa_plotdiagtab.png, id=848, 509.905pt x 737.75626pt>
File: figures/isa_plotdiagtab.png Graphic file (type png)

<use figures/isa_plotdiagtab.png>
Package pdftex.def Info: figures/isa_plotdiagtab.png used on input line 1554.
(pdftex.def)             Requested size: 254.95187pt x 368.87723pt.
 [32 <C:/Users/lucp8394/Documents/StatFiles/CenStat/R Development/BiclustGUI/pk
g/vignettes/figures/isa_clusttab.png>]
Underfull \hbox (badness 10000) in paragraph at lines 1557--1582

 []

<figures/ibbig_clusttab.png, id=863, 486.81876pt x 416.55624pt>
File: figures/ibbig_clusttab.png Graphic file (type png)

<use figures/ibbig_clusttab.png>
Package pdftex.def Info: figures/ibbig_clusttab.png used on input line 1609.
(pdftex.def)             Requested size: 243.40878pt x 208.2776pt.

Underfull \hbox (badness 10000) in paragraph at lines 1588--1611

 []

[33 <C:/Users/lucp8394/Documents/StatFiles/CenStat/R Development/BiclustGUI/pkg
/vignettes/figures/isa_plotdiagtab.png>]
<figures/ibbig_plotdiagtab.png, id=874, 486.81876pt x 724.7075pt>
File: figures/ibbig_plotdiagtab.png Graphic file (type png)

<use figures/ibbig_plotdiagtab.png>
Package pdftex.def Info: figures/ibbig_plotdiagtab.png used on input line 1641.

(pdftex.def)             Requested size: 243.40878pt x 362.35286pt.

Underfull \hbox (badness 10000) in paragraph at lines 1612--1643

 []


Underfull \hbox (badness 10000) in paragraph at lines 1612--1643

 []


Underfull \hbox (badness 10000) in paragraph at lines 1612--1643

 []

[34 <C:/Users/lucp8394/Documents/StatFiles/CenStat/R Development/BiclustGUI/pkg
/vignettes/figures/ibbig_clusttab.png>]
Underfull \hbox (badness 10000) in paragraph at lines 1644--1656

 []


Underfull \hbox (badness 10000) in paragraph at lines 1658--1672

 []

<figures/rqubic_clusttab.png, id=889, 523.9575pt x 460.72125pt>
File: figures/rqubic_clusttab.png Graphic file (type png)

<use figures/rqubic_clusttab.png>
Package pdftex.def Info: figures/rqubic_clusttab.png used on input line 1675.
(pdftex.def)             Requested size: 261.9781pt x 230.36006pt.
 [35 <C:/Users/lucp8394/Documents/StatFiles/CenStat/R Development/BiclustGUI/pk
g/vignettes/figures/ibbig_plotdiagtab.png>]
<figures/rqubic_plotdiagtab.png, id=899, 523.9575pt x 664.4825pt>
File: figures/rqubic_plotdiagtab.png Graphic file (type png)

<use figures/rqubic_plotdiagtab.png>
Package pdftex.def Info: figures/rqubic_plotdiagtab.png used on input line 1700
.
(pdftex.def)             Requested size: 261.9781pt x 332.24043pt.
 [36 <C:/Users/lucp8394/Documents/StatFiles/CenStat/R Development/BiclustGUI/pk
g/vignettes/figures/rqubic_clusttab.png>]
<figures/bicare_clusttab.png, id=919, 448.67625pt x 499.8675pt>
File: figures/bicare_clusttab.png Graphic file (type png)

<use figures/bicare_clusttab.png>
Package pdftex.def Info: figures/bicare_clusttab.png used on input line 1737.
(pdftex.def)             Requested size: 224.33757pt x 249.93314pt.

Underfull \hbox (badness 10000) in paragraph at lines 1708--1739

 []

[37 <C:/Users/lucp8394/Documents/StatFiles/CenStat/R Development/BiclustGUI/pkg
/vignettes/figures/rqubic_plotdiagtab.png>]
<figures/bicare_plotdiagtab.png, id=931, 448.67625pt x 662.475pt>
File: figures/bicare_plotdiagtab.png Graphic file (type png)

<use figures/bicare_plotdiagtab.png>
Package pdftex.def Info: figures/bicare_plotdiagtab.png used on input line 1757
.
(pdftex.def)             Requested size: 224.33757pt x 331.2367pt.
 [38 <C:/Users/lucp8394/Documents/StatFiles/CenStat/R Development/BiclustGUI/pk
g/vignettes/figures/bicare_clusttab.png>]
Underfull \hbox (badness 10000) in paragraph at lines 1760--1815

 []


Underfull \hbox (badness 10000) in paragraph at lines 1760--1815

 []


Underfull \hbox (badness 10000) in paragraph at lines 1760--1815

 []


Underfull \hbox (badness 10000) in paragraph at lines 1760--1815

 []


Underfull \hbox (badness 10000) in paragraph at lines 1760--1815

 []

[39 <C:/Users/lucp8394/Documents/StatFiles/CenStat/R Development/BiclustGUI/pkg
/vignettes/figures/bicare_plotdiagtab.png>]
<figures/ssvd_clusttab.png, id=954, 523.9575pt x 519.9425pt>
File: figures/ssvd_clusttab.png Graphic file (type png)

<use figures/ssvd_clusttab.png>
Package pdftex.def Info: figures/ssvd_clusttab.png used on input line 1855.
(pdftex.def)             Requested size: 261.9781pt x 259.97061pt.

Underfull \hbox (badness 10000) in paragraph at lines 1840--1857

 []


Underfull \hbox (badness 10000) in paragraph at lines 1840--1857

 []

[40]
Underfull \hbox (badness 10000) in paragraph at lines 1858--1869

 []

<figures/s4vd_clusttab.png, id=968, 562.1pt x 610.28pt>
File: figures/s4vd_clusttab.png Graphic file (type png)

<use figures/s4vd_clusttab.png>
Package pdftex.def Info: figures/s4vd_clusttab.png used on input line 1897.
(pdftex.def)             Requested size: 281.04932pt x 305.13925pt.

Underfull \hbox (badness 10000) in paragraph at lines 1873--1899

 []

[41 <C:/Users/lucp8394/Documents/StatFiles/CenStat/R Development/BiclustGUI/pkg
/vignettes/figures/ssvd_clusttab.png>]
<figures/s4vd_plotdiagtab.png, id=976, 562.1pt x 724.7075pt>
File: figures/s4vd_plotdiagtab.png Graphic file (type png)

<use figures/s4vd_plotdiagtab.png>
Package pdftex.def Info: figures/s4vd_plotdiagtab.png used on input line 1915.
(pdftex.def)             Requested size: 281.04932pt x 362.35286pt.
 [42 <C:/Users/lucp8394/Documents/StatFiles/CenStat/R Development/BiclustGUI/pk
g/vignettes/figures/s4vd_clusttab.png>]
Underfull \hbox (badness 10000) in paragraph at lines 1932--1935

 []


Underfull \hbox (badness 10000) in paragraph at lines 1943--1948

 []

[43 <C:/Users/lucp8394/Documents/StatFiles/CenStat/R Development/BiclustGUI/pkg
/vignettes/figures/s4vd_plotdiagtab.png>]
<figures/bibit_clusttab.png, id=999, 523.9575pt x 340.27126pt>
File: figures/bibit_clusttab.png Graphic file (type png)

<use figures/bibit_clusttab.png>
Package pdftex.def Info: figures/bibit_clusttab.png used on input line 1951.
(pdftex.def)             Requested size: 261.9781pt x 170.13521pt.

<figures/bibit_plotdiagtab.png, id=1001, 523.9575pt x 724.7075pt>
File: figures/bibit_plotdiagtab.png Graphic file (type png)

<use figures/bibit_plotdiagtab.png>
Package pdftex.def Info: figures/bibit_plotdiagtab.png used on input line 1968.

(pdftex.def)             Requested size: 261.9781pt x 362.35286pt.
 [44 <C:/Users/lucp8394/Documents/StatFiles/CenStat/R Development/BiclustGUI/pk
g/vignettes/figures/bibit_clusttab.png>]
Underfull \hbox (badness 10000) in paragraph at lines 1972--1975

 []


Underfull \hbox (badness 10000) in paragraph at lines 1972--1975

 []


Underfull \hbox (badness 10000) in paragraph at lines 1976--1981

 []

<figures/bibitworkflow.png, id=1011, 475.7775pt x 811.03pt>
File: figures/bibitworkflow.png Graphic file (type png)

<use figures/bibitworkflow.png>
Package pdftex.def Info: figures/bibitworkflow.png used on input line 1984.
(pdftex.def)             Requested size: 237.88815pt x 405.514pt.
 [45 <C:/Users/lucp8394/Documents/StatFiles/CenStat/R Development/BiclustGUI/pk
g/vignettes/figures/bibit_plotdiagtab.png>]
Underfull \hbox (badness 10000) in paragraph at lines 1997--2012

 []


Underfull \hbox (badness 10000) in paragraph at lines 1997--2012

 []


Underfull \hbox (badness 10000) in paragraph at lines 1997--2012

 []


Underfull \hbox (badness 10000) in paragraph at lines 1997--2012

 []

[46 <C:/Users/lucp8394/Documents/StatFiles/CenStat/R Development/BiclustGUI/pkg
/vignettes/figures/bibitworkflow.png>]
<figures/bibit3_clusttab.png, id=1030, 453.695pt x 415.5525pt>
File: figures/bibit3_clusttab.png Graphic file (type png)

<use figures/bibit3_clusttab.png>
Package pdftex.def Info: figures/bibit3_clusttab.png used on input line 2031.
(pdftex.def)             Requested size: 226.84694pt x 207.77574pt.

Underfull \hbox (badness 10000) in paragraph at lines 2035--2042

 []

[47 <C:/Users/lucp8394/Documents/StatFiles/CenStat/R Development/BiclustGUI/pkg
/vignettes/figures/bibit3_clusttab.png>]
<figures/bibit3_plotdiagtab.png, id=1038, 453.695pt x 415.5525pt>
File: figures/bibit3_plotdiagtab.png Graphic file (type png)

<use figures/bibit3_plotdiagtab.png>
Package pdftex.def Info: figures/bibit3_plotdiagtab.png used on input line 2058
.
(pdftex.def)             Requested size: 226.84694pt x 207.77574pt.

<figures/bcdiag_summary.png, id=1043, 848.16875pt x 783.92876pt>
File: figures/bcdiag_summary.png Graphic file (type png)

<use figures/bcdiag_summary.png>
Package pdftex.def Info: figures/bcdiag_summary.png used on input line 2095.
(pdftex.def)             Requested size: 424.08333pt x 391.96342pt.

Underfull \hbox (badness 10000) in paragraph at lines 2087--2097

 []

[48 <C:/Users/lucp8394/Documents/StatFiles/CenStat/R Development/BiclustGUI/pkg
/vignettes/figures/bibit3_plotdiagtab.png>]
<figures/bcdiag_fabia.png, id=1061, 549.05125pt x 107.40125pt>
File: figures/bcdiag_fabia.png Graphic file (type png)

<use figures/bcdiag_fabia.png>
Package pdftex.def Info: figures/bcdiag_fabia.png used on input line 2162.
(pdftex.def)             Requested size: 274.52495pt x 53.70049pt.

Underfull \hbox (badness 10000) in paragraph at lines 2098--2164

 []


Underfull \hbox (badness 10000) in paragraph at lines 2098--2164

 []


Underfull \hbox (badness 10000) in paragraph at lines 2098--2164

 []


Underfull \hbox (badness 10000) in paragraph at lines 2098--2164

 []


Underfull \hbox (badness 10000) in paragraph at lines 2098--2164

 []

[49 <C:/Users/lucp8394/Documents/StatFiles/CenStat/R Development/BiclustGUI/pkg
/vignettes/figures/bcdiag_summary.png>]
<figures/superbiclust.png, id=1075, 844.15375pt x 836.12375pt>
File: figures/superbiclust.png Graphic file (type png)

<use figures/superbiclust.png>
Package pdftex.def Info: figures/superbiclust.png used on input line 2182.
(pdftex.def)             Requested size: 422.07584pt x 418.06085pt.
 [50 <C:/Users/lucp8394/Documents/StatFiles/CenStat/R Development/BiclustGUI/pk
g/vignettes/figures/bcdiag_fabia.png>]
Underfull \hbox (badness 10000) in paragraph at lines 2185--2269

 []


Underfull \hbox (badness 10000) in paragraph at lines 2185--2269

 []


Underfull \hbox (badness 10000) in paragraph at lines 2185--2269

 []


Underfull \hbox (badness 10000) in paragraph at lines 2185--2269

 []


Underfull \hbox (badness 10000) in paragraph at lines 2185--2269

 []


Underfull \hbox (badness 10000) in paragraph at lines 2185--2269

 []

[51 <C:/Users/lucp8394/Documents/StatFiles/CenStat/R Development/BiclustGUI/pkg
/vignettes/figures/superbiclust.png>] [52]
Underfull \hbox (badness 10000) in paragraph at lines 2273--2285

 []


Underfull \hbox (badness 10000) in paragraph at lines 2293--2299

 []

File: figures/standard_buttons.png Graphic file (type png)
<use figures/standard_buttons.png>
Package pdftex.def Info: figures/standard_buttons.png used on input line 2325.
(pdftex.def)             Requested size: 351.8135pt x 86.32228pt.

Underfull \hbox (badness 10000) in paragraph at lines 2328--2340

 []


Underfull \hbox (badness 10000) in paragraph at lines 2328--2340

 []


Underfull \hbox (badness 10000) in paragraph at lines 2344--2358

 []

[53]
Package color Info: Redefining color shadecolor on input line 2361.
LaTeX Font Info:    Try loading font information for OMS+cmtt on input line 236
3.
LaTeX Font Info:    No file OMScmtt.fd. on input line 2363.


LaTeX Font Warning: Font shape `OMS/cmtt/m/n' undefined
(Font)              using `OMS/cmsy/m/n' instead
(Font)              for symbol `textbraceleft' on input line 2363.

[54]
Overfull \hbox (21.20996pt too wide) in paragraph at lines 2464--2469
\OT1/cmr/m/n/10 make sure a []\OT1/cmtt/m/n/10 set.seed() \OT1/cmr/m/n/10 is ex
-e-cuted be-fore the bi-clus-ter-ing func-tion. Fur-ther, meth-ods with \OT1/cm
tt/m/n/10 methodseed==TRUE
 []


Overfull \hbox (26.27359pt too wide) in paragraph at lines 2470--2478
[]\OT1/cmr/m/n/10 Logical value de-ter-min-ing com-pat-i-bil-ity with the []\OT
1/cmtt/m/n/10 BcDiag \OT1/cmr/m/n/10 and []\OT1/cmtt/m/n/10 superbiclust
 []

<figures/showmethod.png, id=1123, 829.0975pt x 367.3725pt>
File: figures/showmethod.png Graphic file (type png)

<use figures/showmethod.png>
Package pdftex.def Info: figures/showmethod.png used on input line 2483.
(pdftex.def)             Requested size: 414.54774pt x 183.68579pt.

<figures/discrbin.png, id=1124, 515.9275pt x 211.79124pt>
File: figures/discrbin.png Graphic file (type png)

<use figures/discrbin.png>
Package pdftex.def Info: figures/discrbin.png used on input line 2489.
(pdftex.def)             Requested size: 257.96312pt x 105.89536pt.
 [55]
<figures/plaid_structure.png, id=1133, 1080.035pt x 752.8125pt>
File: figures/plaid_structure.png Graphic file (type png)

<use figures/plaid_structure.png>
Package pdftex.def Info: figures/plaid_structure.png used on input line 2509.
(pdftex.def)             Requested size: 475.21687pt x 331.23853pt.
Package color Info: Redefining color shadecolor on input line 2514.
 [56 <C:/Users/lucp8394/Documents/StatFiles/CenStat/R Development/BiclustGUI/pk
g/vignettes/figures/showmethod.png> <C:/Users/lucp8394/Documents/StatFiles/CenS
tat/R Development/BiclustGUI/pkg/vignettes/figures/discrbin.png>]
Underfull \hbox (badness 10000) in paragraph at lines 2541--2553

 []

[57 <C:/Users/lucp8394/Documents/StatFiles/CenStat/R Development/BiclustGUI/pkg
/vignettes/figures/plaid_structure.png>]
Underfull \hbox (badness 10000) in paragraph at lines 2561--2598

 []


Underfull \hbox (badness 10000) in paragraph at lines 2561--2598

 []

<figures/combinerows_grid.png, id=1150, 672.5125pt x 304.13625pt>
File: figures/combinerows_grid.png Graphic file (type png)

<use figures/combinerows_grid.png>
Package pdftex.def Info: figures/combinerows_grid.png used on input line 2601.
(pdftex.def)             Requested size: 269.00023pt x 121.65233pt.
 [58 <C:/Users/lucp8394/Documents/StatFiles/CenStat/R Development/BiclustGUI/pk
g/vignettes/figures/combinerows_grid.png>]
Package color Info: Redefining color shadecolor on input line 2612.

Underfull \hbox (badness 10000) in paragraph at lines 2651--2668

 []


Overfull \hbox (3.85855pt too wide) in paragraph at lines 2670--2682
\OT1/cmr/m/n/10 idea is that these parts of the R-code (which are also in the A
p-pendix) are copy-pasted into the []\OT1/cmtt/m/n/10 newmethod_script
 []

<figures/title_border.png, id=1159, 451.6875pt x 180.675pt>
File: figures/title_border.png Graphic file (type png)

<use figures/title_border.png>
Package pdftex.def Info: figures/title_border.png used on input line 2685.
(pdftex.def)             Requested size: 225.84319pt x 90.33727pt.
 [59]
<figures/entryfields.png, id=1165, 751.80875pt x 384.43625pt>
File: figures/entryfields.png Graphic file (type png)

<use figures/entryfields.png>
Package pdftex.def Info: figures/entryfields.png used on input line 2699.
(pdftex.def)             Requested size: 375.90344pt x 192.21765pt.

<figures/checkboxes.png, id=1167, 678.535pt x 344.28625pt>
File: figures/checkboxes.png Graphic file (type png)

<use figures/checkboxes.png>
Package pdftex.def Info: figures/checkboxes.png used on input line 2730.
(pdftex.def)             Requested size: 339.26666pt x 172.1427pt.
 [60 <C:/Users/lucp8394/Documents/StatFiles/CenStat/R Development/BiclustGUI/pk
g/vignettes/figures/title_border.png> <C:/Users/lucp8394/Documents/StatFiles/Ce
nStat/R Development/BiclustGUI/pkg/vignettes/figures/entryfields.png>]
<figures/radiobuttons.png, id=1175, 729.72626pt x 405.515pt>
File: figures/radiobuttons.png Graphic file (type png)

<use figures/radiobuttons.png>
Package pdftex.def Info: figures/radiobuttons.png used on input line 2754.
(pdftex.def)             Requested size: 364.86224pt x 202.75699pt.
 [61 <C:/Users/lucp8394/Documents/StatFiles/CenStat/R Development/BiclustGUI/pk
g/vignettes/figures/checkboxes.png> <C:/Users/lucp8394/Documents/StatFiles/CenS
tat/R Development/BiclustGUI/pkg/vignettes/figures/radiobuttons.png>] <figures/
slider.png, id=1185, 819.06pt x 412.54124pt>
File: figures/slider.png Graphic file (type png)

<use figures/slider.png>
Package pdftex.def Info: figures/slider.png used on input line 2786.
(pdftex.def)             Requested size: 409.52899pt x 206.27011pt.

<figures/spinboxes.png, id=1186, 715.67375pt x 413.545pt>
File: figures/spinboxes.png Graphic file (type png)

<use figures/spinboxes.png>
Package pdftex.def Info: figures/spinboxes.png used on input line 2818.
(pdftex.def)             Requested size: 357.836pt x 206.77199pt.
 [62 <C:/Users/lucp8394/Documents/StatFiles/CenStat/R Development/BiclustGUI/pk
g/vignettes/figures/slider.png>]
<figures/manualbutton.png, id=1193, 700.6175pt x 481.8pt>
File: figures/manualbutton.png Graphic file (type png)

<use figures/manualbutton.png>
Package pdftex.def Info: figures/manualbutton.png used on input line 2853.
(pdftex.def)             Requested size: 350.30789pt x 240.8994pt.
 [63 <C:/Users/lucp8394/Documents/StatFiles/CenStat/R Development/BiclustGUI/pk
g/vignettes/figures/spinboxes.png>]
<figures/manualbutton_showsave.png, id=1201, 714.67pt x 156.585pt>
File: figures/manualbutton_showsave.png Graphic file (type png)

<use figures/manualbutton_showsave.png>
Package pdftex.def Info: figures/manualbutton_showsave.png used on input line 2
905.
(pdftex.def)             Requested size: 357.33412pt x 78.2923pt.
 [64 <C:/Users/lucp8394/Documents/StatFiles/CenStat/R Development/BiclustGUI/pk
g/vignettes/figures/manualbutton.png>]
Package color Info: Redefining color shadecolor on input line 2923.

<figures/plaid_clusterbuild.png, id=1210, 948.54375pt x 761.84625pt>
File: figures/plaid_clusterbuild.png Graphic file (type png)

<use figures/plaid_clusterbuild.png>
Package pdftex.def Info: figures/plaid_clusterbuild.png used on input line 2953
.
(pdftex.def)             Requested size: 426.84074pt x 342.82764pt.

Underfull \hbox (badness 10000) in paragraph at lines 2945--2956

 []

[65 <C:/Users/lucp8394/Documents/StatFiles/CenStat/R Development/BiclustGUI/pkg
/vignettes/figures/manualbutton_showsave.png>]
Package color Info: Redefining color shadecolor on input line 2964.

<figures/plaid_plotdiagbuild.png, id=1219, 1041.8925pt x 731.73375pt>
File: figures/plaid_plotdiagbuild.png Graphic file (type png)

<use figures/plaid_plotdiagbuild.png>
Package pdftex.def Info: figures/plaid_plotdiagbuild.png used on input line 298
9.
(pdftex.def)             Requested size: 458.43413pt x 321.96384pt.
 [66 <C:/Users/lucp8394/Documents/StatFiles/CenStat/R Development/BiclustGUI/pk
g/vignettes/figures/plaid_clusterbuild.png>]
Package color Info: Redefining color shadecolor on input line 3010.
 [67 <C:/Users/lucp8394/Documents/StatFiles/CenStat/R Development/BiclustGUI/pk
g/vignettes/figures/plaid_plotdiagbuild.png>]
Package color Info: Redefining color shadecolor on input line 3080.
 [68]
<figures/bcdiag_build.png, id=1237, 982.67125pt x 587.19376pt>
File: figures/bcdiag_build.png Graphic file (type png)

<use figures/bcdiag_build.png>
Package pdftex.def Info: figures/bcdiag_build.png used on input line 3126.
(pdftex.def)             Requested size: 442.19798pt x 264.23474pt.
LaTeX Font Info:    Font shape `OT1/cmtt/bx/n' in size <14.4> not available
(Font)              Font shape `OT1/cmtt/m/n' tried instead on input line 3158.


<figures/shinyibbig.png, id=1242, 1767.60374pt x 1035.87pt>
File: figures/shinyibbig.png Graphic file (type png)

<use figures/shinyibbig.png>
Package pdftex.def Info: figures/shinyibbig.png used on input line 3163.
(pdftex.def)             Requested size: 217.66211pt x 127.55508pt.
 [69 <C:/Users/lucp8394/Documents/StatFiles/CenStat/R Development/BiclustGUI/pk
g/vignettes/figures/bcdiag_build.png>]
Underfull \hbox (badness 10000) in paragraph at lines 3166--3179

 []


Overfull \hbox (16.85707pt too wide) in paragraph at lines 3166--3179
\OT1/cmr/m/n/10 used to cre-ate the win-dows for a new ap-pli-ca-tions, and is 
freely avail-able on CRAN with \OT1/cmtt/m/n/10 install.packages("REST")
 []

[70 <C:/Users/lucp8394/Documents/StatFiles/CenStat/R Development/BiclustGUI/pkg
/vignettes/figures/shinyibbig.png>]
("C:\Users\lucp8394\Documents\StatFiles\CenStat\R Development\BiclustGUI\pkg\vi
gnettes\GuideBiclustGUI.bbl" [71]) [72]
<figures/bicluster_types.png, id=1279, 1168.365pt x 761.84625pt>
File: figures/bicluster_types.png Graphic file (type png)

<use figures/bicluster_types.png>
Package pdftex.def Info: figures/bicluster_types.png used on input line 3191.
(pdftex.def)             Requested size: 292.09053pt x 190.46109pt.

<figures/bicluster_structures.png, id=1280, 1357.07pt x 839.135pt>
File: figures/bicluster_structures.png Graphic file (type png)

<use figures/bicluster_structures.png>
Package pdftex.def Info: figures/bicluster_structures.png used on input line 31
96.
(pdftex.def)             Requested size: 271.4092pt x 167.82402pt.
 [73 <C:/Users/lucp8394/Documents/StatFiles/CenStat/R Development/BiclustGUI/pk
g/vignettes/figures/bicluster_types.png> <C:/Users/lucp8394/Documents/StatFiles
/CenStat/R Development/BiclustGUI/pkg/vignettes/figures/bicluster_structures.pn
g>]
<figures/drawheatmaps_example1.png, id=1288, 1414.28375pt x 711.65875pt>
File: figures/drawheatmaps_example1.png Graphic file (type png)

<use figures/drawheatmaps_example1.png>
Package pdftex.def Info: figures/drawheatmaps_example1.png used on input line 3
231.
(pdftex.def)             Requested size: 466.71509pt x 234.84811pt.

<figures/drawheatmaps_example2.png, id=1289, 1417.295pt x 711.65875pt>
File: figures/drawheatmaps_example2.png Graphic file (type png)

<use figures/drawheatmaps_example2.png>
Package pdftex.def Info: figures/drawheatmaps_example2.png used on input line 3
236.
(pdftex.def)             Requested size: 467.7088pt x 234.84811pt.

<figures/biclustplot_example1.png, id=1290, 1148.29pt x 592.2125pt>
File: figures/biclustplot_example1.png Graphic file (type png)

<use figures/biclustplot_example1.png>
Package pdftex.def Info: figures/biclustplot_example1.png used on input line 32
45.
(pdftex.def)             Requested size: 459.30786pt x 236.8808pt.

<figures/biclustplot_example2.png, id=1291, 1167.36125pt x 591.20876pt>
File: figures/biclustplot_example2.png Graphic file (type png)

<use figures/biclustplot_example2.png>
Package pdftex.def Info: figures/biclustplot_example2.png used on input line 32
51.
(pdftex.def)             Requested size: 466.93623pt x 236.47931pt.
 [74 <C:/Users/lucp8394/Documents/StatFiles/CenStat/R Development/BiclustGUI/pk
g/vignettes/figures/drawheatmaps_example1.png> <C:/Users/lucp8394/Documents/Sta
tFiles/CenStat/R Development/BiclustGUI/pkg/vignettes/figures/drawheatmaps_exam
ple2.png>]
<figures/biclustplot_example3.png, id=1298, 1169.36874pt x 592.2125pt>
File: figures/biclustplot_example3.png Graphic file (type png)

<use figures/biclustplot_example3.png>
Package pdftex.def Info: figures/biclustplot_example3.png used on input line 32
58.
(pdftex.def)             Requested size: 467.73921pt x 236.8808pt.

<figures/biclustplot_example4.png, id=1299, 1158.3275pt x 592.2125pt>
File: figures/biclustplot_example4.png Graphic file (type png)

<use figures/biclustplot_example4.png>
Package pdftex.def Info: figures/biclustplot_example4.png used on input line 32
64.
(pdftex.def)             Requested size: 463.3228pt x 236.8808pt.
 [75 <C:/Users/lucp8394/Documents/StatFiles/CenStat/R Development/BiclustGUI/pk
g/vignettes/figures/biclustplot_example1.png> <C:/Users/lucp8394/Documents/Stat
Files/CenStat/R Development/BiclustGUI/pkg/vignettes/figures/biclustplot_exampl
e2.png>]
<figures/biclustplot_example5.png, id=1306, 571.13374pt x 592.2125pt>
File: figures/biclustplot_example5.png Graphic file (type png)

<use figures/biclustplot_example5.png>
Package pdftex.def Info: figures/biclustplot_example5.png used on input line 32
70.
(pdftex.def)             Requested size: 228.44945pt x 236.8808pt.

<figures/biclustplot_example6.png, id=1307, 571.13374pt x 592.2125pt>
File: figures/biclustplot_example6.png Graphic file (type png)

<use figures/biclustplot_example6.png>
Package pdftex.def Info: figures/biclustplot_example6.png used on input line 32
76.
(pdftex.def)             Requested size: 228.44945pt x 236.8808pt.
 [76 <C:/Users/lucp8394/Documents/StatFiles/CenStat/R Development/BiclustGUI/pk
g/vignettes/figures/biclustplot_example3.png> <C:/Users/lucp8394/Documents/Stat
Files/CenStat/R Development/BiclustGUI/pkg/vignettes/figures/biclustplot_exampl
e4.png>]
<figures/biclustplot_example7.png, id=1314, 571.13374pt x 592.2125pt>
File: figures/biclustplot_example7.png Graphic file (type png)

<use figures/biclustplot_example7.png>
Package pdftex.def Info: figures/biclustplot_example7.png used on input line 32
81.
(pdftex.def)             Requested size: 228.44945pt x 236.8808pt.
 [77 <C:/Users/lucp8394/Documents/StatFiles/CenStat/R Development/BiclustGUI/pk
g/vignettes/figures/biclustplot_example5.png> <C:/Users/lucp8394/Documents/Stat
Files/CenStat/R Development/BiclustGUI/pkg/vignettes/figures/biclustplot_exampl
e6.png>]
<figures/fabiaplot_example1.png, id=1321, 1168.365pt x 592.2125pt>
File: figures/fabiaplot_example1.png Graphic file (type png)

<use figures/fabiaplot_example1.png>
Package pdftex.def Info: figures/fabiaplot_example1.png used on input line 3287
.
(pdftex.def)             Requested size: 467.33772pt x 236.8808pt.

<figures/fabiaplot_example2.png, id=1322, 1166.3575pt x 592.2125pt>
File: figures/fabiaplot_example2.png Graphic file (type png)

<use figures/fabiaplot_example2.png>
Package pdftex.def Info: figures/fabiaplot_example2.png used on input line 3293
.
(pdftex.def)             Requested size: 466.53474pt x 236.8808pt.

<figures/fabiaplot_example3.png, id=1323, 1172.38pt x 1850.915pt>
File: figures/fabiaplot_example3.png Graphic file (type png)

<use figures/fabiaplot_example3.png>
Package pdftex.def Info: figures/fabiaplot_example3.png used on input line 3299
.
(pdftex.def)             Requested size: 351.7167pt x 555.2788pt.
 [78 <C:/Users/lucp8394/Documents/StatFiles/CenStat/R Development/BiclustGUI/pk
g/vignettes/figures/biclustplot_example7.png> <C:/Users/lucp8394/Documents/Stat
Files/CenStat/R Development/BiclustGUI/pkg/vignettes/figures/fabiaplot_example1
.png>]
<figures/fabiaplot_example4.png, id=1330, 1177.39874pt x 592.2125pt>
File: figures/fabiaplot_example4.png Graphic file (type png)

<use figures/fabiaplot_example4.png>
Package pdftex.def Info: figures/fabiaplot_example4.png used on input line 3304
.
(pdftex.def)             Requested size: 470.95116pt x 236.8808pt.
 [79 <C:/Users/lucp8394/Documents/StatFiles/CenStat/R Development/BiclustGUI/pk
g/vignettes/figures/fabiaplot_example2.png>] <figures/fabiaplot_example5.png, i
d=1337, 571.13374pt x 592.2125pt>
File: figures/fabiaplot_example5.png Graphic file (type png)

<use figures/fabiaplot_example5.png>
Package pdftex.def Info: figures/fabiaplot_example5.png used on input line 3310
.
(pdftex.def)             Requested size: 228.44945pt x 236.8808pt.
 [80 <C:/Users/lucp8394/Documents/StatFiles/CenStat/R Development/BiclustGUI/pk
g/vignettes/figures/fabiaplot_example3.png>] <figures/isa_example1.png, id=1343
, 1406.25375pt x 711.65875pt>
File: figures/isa_example1.png Graphic file (type png)

<use figures/isa_example1.png>
Package pdftex.def Info: figures/isa_example1.png used on input line 3317.
(pdftex.def)             Requested size: 421.87938pt x 213.49927pt.
 [81 <C:/Users/lucp8394/Documents/StatFiles/CenStat/R Development/BiclustGUI/pk
g/vignettes/figures/fabiaplot_example4.png> <C:/Users/lucp8394/Documents/StatFi
les/CenStat/R Development/BiclustGUI/pkg/vignettes/figures/fabiaplot_example5.p
ng>]
<figures/ibbig_example1.png, id=1350, 690.58pt x 711.65875pt>
File: figures/ibbig_example1.png Graphic file (type png)

<use figures/ibbig_example1.png>
Package pdftex.def Info: figures/ibbig_example1.png used on input line 3324.
(pdftex.def)             Requested size: 345.28915pt x 355.8285pt.

<figures/bicare_example1.png, id=1351, 690.58pt x 711.65875pt>
File: figures/bicare_example1.png Graphic file (type png)

<use figures/bicare_example1.png>
Package pdftex.def Info: figures/bicare_example1.png used on input line 3331.
(pdftex.def)             Requested size: 276.2271pt x 284.65845pt.

<figures/bicare_example2.png, id=1352, 690.58pt x 711.65875pt>
File: figures/bicare_example2.png Graphic file (type png)

<use figures/bicare_example2.png>
Package pdftex.def Info: figures/bicare_example2.png used on input line 3336.
(pdftex.def)             Requested size: 276.2271pt x 284.65845pt.
 [82 <C:/Users/lucp8394/Documents/StatFiles/CenStat/R Development/BiclustGUI/pk
g/vignettes/figures/isa_example1.png> <C:/Users/lucp8394/Documents/StatFiles/Ce
nStat/R Development/BiclustGUI/pkg/vignettes/figures/ibbig_example1.png>]
<figures/bicare_example3.png, id=1359, 672.5125pt x 729.72626pt>
File: figures/bicare_example3.png Graphic file (type png)

<use figures/bicare_example3.png>
Package pdftex.def Info: figures/bicare_example3.png used on input line 3341.
(pdftex.def)             Requested size: 269.00023pt x 291.88533pt.
 [83 <C:/Users/lucp8394/Documents/StatFiles/CenStat/R Development/BiclustGUI/pk
g/vignettes/figures/bicare_example1.png> <C:/Users/lucp8394/Documents/StatFiles
/CenStat/R Development/BiclustGUI/pkg/vignettes/figures/bicare_example2.png>]
<figures/bcdiag_example1.png, id=1366, 1417.295pt x 709.65125pt>
File: figures/bcdiag_example1.png Graphic file (type png)

<use figures/bcdiag_example1.png>
Package pdftex.def Info: figures/bcdiag_example1.png used on input line 3348.
(pdftex.def)             Requested size: 354.32288pt x 177.41237pt.

<figures/bcdiag_example2.png, id=1367, 1412.27625pt x 711.65875pt>
File: figures/bcdiag_example2.png Graphic file (type png)

<use figures/bcdiag_example2.png>
Package pdftex.def Info: figures/bcdiag_example2.png used on input line 3354.
(pdftex.def)             Requested size: 353.06819pt x 177.91425pt.

<figures/bcdiag_example3.png, id=1368, 1413.28pt x 710.655pt>
File: figures/bcdiag_example3.png Graphic file (type png)

<use figures/bcdiag_example3.png>
Package pdftex.def Info: figures/bcdiag_example3.png used on input line 3360.
(pdftex.def)             Requested size: 353.31914pt x 177.66331pt.
 [84 <C:/Users/lucp8394/Documents/StatFiles/CenStat/R Development/BiclustGUI/pk
g/vignettes/figures/bicare_example3.png> <C:/Users/lucp8394/Documents/StatFiles
/CenStat/R Development/BiclustGUI/pkg/vignettes/figures/bcdiag_example1.png>]
<figures/superbiclust_example1.png, id=1375, 690.58pt x 711.65875pt>
File: figures/superbiclust_example1.png Graphic file (type png)

<use figures/superbiclust_example1.png>
Package pdftex.def Info: figures/superbiclust_example1.png used on input line 3
367.
(pdftex.def)             Requested size: 345.28915pt x 355.8285pt.

<figures/superbiclust_example2.png, id=1376, 699.61375pt x 206.7725pt>
File: figures/superbiclust_example2.png Graphic file (type png)

<use figures/superbiclust_example2.png>
Package pdftex.def Info: figures/superbiclust_example2.png used on input line 3
373.
(pdftex.def)             Requested size: 349.80602pt x 103.38599pt.
 [85 <C:/Users/lucp8394/Documents/StatFiles/CenStat/R Development/BiclustGUI/pk
g/vignettes/figures/bcdiag_example2.png> <C:/Users/lucp8394/Documents/StatFiles
/CenStat/R Development/BiclustGUI/pkg/vignettes/figures/bcdiag_example3.png>] [
86 <C:/Users/lucp8394/Documents/StatFiles/CenStat/R Development/BiclustGUI/pkg/
vignettes/figures/superbiclust_example1.png> <C:/Users/lucp8394/Documents/StatF
iles/CenStat/R Development/BiclustGUI/pkg/vignettes/figures/superbiclust_exampl
e2.png>] [87] [88] [89] [90] [91]
[92] [93] [94] [95] [96] [97] [98] [99] [100] [101] [102] [103] [104] [105]
[106] [107] [108] [109] [110] [111] [112] [113] [114]
Package atveryend Info: Empty hook `BeforeClearDocument' on input line 5121.
 [115]
Package atveryend Info: Empty hook `AfterLastShipout' on input line 5121.

("C:\Users\lucp8394\Documents\StatFiles\CenStat\R Development\BiclustGUI\pkg\vi
gnettes\GuideBiclustGUI.aux")
Package atveryend Info: Executing hook `AtVeryEndDocument' on input line 5121.
Package atveryend Info: Executing hook `AtEndAfterFileList' on input line 5121.

Package rerunfilecheck Info: File `GuideBiclustGUI.out' has not changed.
(rerunfilecheck)             Checksum: 21ABDFA1E28588552FB7A61DC12BD014;5928.


LaTeX Font Warning: Some font shapes were not available, defaults substituted.

Package atveryend Info: Empty hook `AtVeryVeryEnd' on input line 5121.
 ) 
Here is how much of TeX's memory you used:
 9488 strings out of 493705
 147596 string characters out of 3144560
 242778 words of memory out of 3000000
 12200 multiletter control sequences out of 15000+200000
 15308 words of font info for 60 fonts, out of 3000000 for 9000
 1025 hyphenation exceptions out of 8191
 42i,16n,40p,932b,500s stack positions out of 5000i,500n,10000p,200000b,50000s
<C:/Program Files/MiKTeX 2.9/fonts/type1/public/amsfonts/cm/cmbx10.pfb><C:/Pr
ogram Files/MiKTeX 2.9/fonts/type1/public/amsfonts/cm/cmbx12.pfb><C:/Program Fi
les/MiKTeX 2.9/fonts/type1/public/amsfonts/cm/cmex10.pfb><C:/Program Files/MiKT
eX 2.9/fonts/type1/public/amsfonts/cm/cmitt10.pfb><C:/Program Files/MiKTeX 2.9/
fonts/type1/public/amsfonts/cm/cmmi10.pfb><C:/Program Files/MiKTeX 2.9/fonts/ty
pe1/public/amsfonts/cm/cmmi7.pfb><C:/Program Files/MiKTeX 2.9/fonts/type1/publi
c/amsfonts/cm/cmmib10.pfb><C:/Program Files/MiKTeX 2.9/fonts/type1/public/amsfo
nts/cm/cmr10.pfb><C:/Program Files/MiKTeX 2.9/fonts/type1/public/amsfonts/cm/cm
r12.pfb><C:/Program Files/MiKTeX 2.9/fonts/type1/public/amsfonts/cm/cmr17.pfb><
C:/Program Files/MiKTeX 2.9/fonts/type1/public/amsfonts/cm/cmr7.pfb><C:/Program
 Files/MiKTeX 2.9/fonts/type1/public/amsfonts/cm/cmsy10.pfb><C:/Program Files/M
iKTeX 2.9/fonts/type1/public/amsfonts/cm/cmsy7.pfb><C:/Program Files/MiKTeX 2.9
/fonts/type1/public/amsfonts/cm/cmti10.pfb><C:/Program Files/MiKTeX 2.9/fonts/t
ype1/public/amsfonts/cm/cmtt10.pfb><C:/Program Files/MiKTeX 2.9/fonts/type1/pub
lic/amsfonts/cm/cmtt12.pfb>
Output written on GuideBiclustGUI.pdf (115 pages, 2737721 bytes).
PDF statistics:
 1645 PDF objects out of 1728 (max. 8388607)
 381 named destinations out of 1000 (max. 500000)
 1077 words of extra memory for PDF output out of 10000 (max. 10000000)

